%!Adobe-FontList 1.19
%Locale:0x409

%BeginFont
Handler:DirectoryHandler
FontType:TrueType
FontName:AvenirNextCondensed-Bold
FamilyName:Avenir Next Condensed
StyleName:Bold
MenuName:Avenir Next Condensed
StyleBits:2
WeightClass:700
WidthClass:3
AngleClass:0
FullName:Avenir Next Condensed Bold
WritingScript:Roman
OutlineFileName:\Avenir Next Condensed.ttc
TTCOffset:72
DataFormat:sfntData
hasSVG:no
VariableFontType:NonVariableFont
FileLength:3284564
FileModTime:1510079493
NameArray:0,Mac,18,Avenir Next Condensed Bold
NameArray:0,Mac,4,Avenir Next Condensed Bold
NameArray:0,Win,1,Avenir Next Condensed
NameArray:0,Win,16,Avenir Next Condensed
%EndFont

%BeginFont
Handler:DirectoryHandler
FontType:TrueType
FontName:AvenirNextCondensed-BoldItalic
FamilyName:Avenir Next Condensed
StyleName:Bold Italic
MenuName:Avenir Next Condensed
StyleBits:0
WeightClass:700
WidthClass:3
AngleClass:1
FullName:Avenir Next Condensed Bold Italic
WritingScript:Roman
OutlineFileName:\Avenir Next Condensed.ttc
TTCOffset:372
DataFormat:sfntData
hasSVG:no
VariableFontType:NonVariableFont
FileLength:3284564
FileModTime:1510079493
NameArray:0,Mac,18,Avenir Next Condensed Bold Italic
NameArray:0,Mac,4,Avenir Next Condensed Bold Italic
NameArray:0,Win,1,Avenir Next Condensed
NameArray:0,Win,16,Avenir Next Condensed
%EndFont

%BeginFont
Handler:DirectoryHandler
FontType:TrueType
FontName:AvenirNextCondensed-DemiBold
FamilyName:Avenir Next Condensed
StyleName:Demi Bold
MenuName:Avenir Next Condensed Demi Bold
StyleBits:0
WeightClass:600
WidthClass:3
AngleClass:0
FullName:Avenir Next Condensed Demi Bold
WritingScript:Roman
OutlineFileName:\Avenir Next Condensed.ttc
TTCOffset:672
DataFormat:sfntData
hasSVG:no
VariableFontType:NonVariableFont
FileLength:3284564
FileModTime:1510079493
NameArray:0,Mac,18,Avenir Next Condensed Demi Bold
NameArray:0,Mac,4,Avenir Next Condensed Demi Bold
NameArray:0,Win,1,Avenir Next Condensed Demi Bold
NameArray:0,Win,16,Avenir Next Condensed
%EndFont

%BeginFont
Handler:DirectoryHandler
FontType:TrueType
FontName:AvenirNextCondensed-DemiBoldItalic
FamilyName:Avenir Next Condensed
StyleName:Demi Bold Italic
MenuName:Avenir Next Condensed Demi Bold
StyleBits:0
WeightClass:600
WidthClass:3
AngleClass:1
FullName:Avenir Next Condensed Demi Bold Italic
WritingScript:Roman
OutlineFileName:\Avenir Next Condensed.ttc
TTCOffset:972
DataFormat:sfntData
hasSVG:no
VariableFontType:NonVariableFont
FileLength:3284564
FileModTime:1510079493
NameArray:0,Mac,18,Avenir Next Condensed Demi Bold Italic
NameArray:0,Mac,4,Avenir Next Condensed Demi Bold Italic
NameArray:0,Win,1,Avenir Next Condensed Demi Bold
NameArray:0,Win,16,Avenir Next Condensed
%EndFont

%BeginFont
Handler:DirectoryHandler
FontType:TrueType
FontName:AvenirNextCondensed-Italic
FamilyName:Avenir Next Condensed
StyleName:Italic
MenuName:Avenir Next Condensed
StyleBits:0
WeightClass:400
WidthClass:3
AngleClass:1
FullName:Avenir Next Condensed Italic
WritingScript:Roman
OutlineFileName:\Avenir Next Condensed.ttc
TTCOffset:1272
DataFormat:sfntData
hasSVG:no
VariableFontType:NonVariableFont
FileLength:3284564
FileModTime:1510079493
NameArray:0,Mac,18,Avenir Next Condensed Italic
NameArray:0,Mac,4,Avenir Next Condensed Italic
NameArray:0,Win,1,Avenir Next Condensed
NameArray:0,Win,16,Avenir Next Condensed
%EndFont

%BeginFont
Handler:DirectoryHandler
FontType:TrueType
FontName:AvenirNextCondensed-Medium
FamilyName:Avenir Next Condensed
StyleName:Medium
MenuName:Avenir Next Condensed Medium
StyleBits:0
WeightClass:500
WidthClass:3
AngleClass:0
FullName:Avenir Next Condensed Medium
WritingScript:Roman
OutlineFileName:\Avenir Next Condensed.ttc
TTCOffset:1572
DataFormat:sfntData
hasSVG:no
VariableFontType:NonVariableFont
FileLength:3284564
FileModTime:1510079493
NameArray:0,Mac,18,Avenir Next Condensed Medium
NameArray:0,Mac,4,Avenir Next Condensed Medium
NameArray:0,Win,1,Avenir Next Condensed Medium
NameArray:0,Win,16,Avenir Next Condensed
%EndFont

%BeginFont
Handler:DirectoryHandler
FontType:TrueType
FontName:AvenirNextCondensed-MediumItalic
FamilyName:Avenir Next Condensed
StyleName:Medium Italic
MenuName:Avenir Next Condensed Medium
StyleBits:1
WeightClass:500
WidthClass:3
AngleClass:0
FullName:Avenir Next Medium Condensed Italic
WritingScript:Roman
OutlineFileName:\Avenir Next Condensed.ttc
TTCOffset:1872
DataFormat:sfntData
hasSVG:no
VariableFontType:NonVariableFont
FileLength:3284564
FileModTime:1510079493
NameArray:0,Mac,18,Avenir Next Condensed Medium Italic
NameArray:0,Mac,4,Avenir Next Condensed Medium Italic
NameArray:0,Win,1,Avenir Next Condensed Medium
NameArray:0,Win,16,Avenir Next Condensed
%EndFont

%BeginFont
Handler:DirectoryHandler
FontType:TrueType
FontName:AvenirNextCondensed-Regular
FamilyName:Avenir Next Condensed
StyleName:Regular
MenuName:Avenir Next Condensed
StyleBits:0
WeightClass:400
WidthClass:3
AngleClass:0
FullName:Avenir Next Condensed Regular
WritingScript:Roman
OutlineFileName:\Avenir Next Condensed.ttc
TTCOffset:2172
DataFormat:sfntData
hasSVG:no
VariableFontType:NonVariableFont
FileLength:3284564
FileModTime:1510079493
NameArray:0,Mac,18,Avenir Next Condensed Regular
NameArray:0,Mac,4,Avenir Next Condensed Regular
NameArray:0,Win,1,Avenir Next Condensed
NameArray:0,Win,16,Avenir Next Condensed
%EndFont

%BeginFont
Handler:DirectoryHandler
FontType:TrueType
FontName:AvenirNextCondensed-Heavy
FamilyName:Avenir Next Condensed
StyleName:Heavy
MenuName:Avenir Next Condensed Heavy
StyleBits:0
WeightClass:900
WidthClass:3
AngleClass:0
FullName:Avenir Next Condensed Heavy
WritingScript:Roman
OutlineFileName:\Avenir Next Condensed.ttc
TTCOffset:2472
DataFormat:sfntData
hasSVG:no
VariableFontType:NonVariableFont
FileLength:3284564
FileModTime:1510079493
NameArray:0,Mac,18,Avenir Next Condensed Heavy
NameArray:0,Mac,4,Avenir Next Condensed Heavy
NameArray:0,Win,1,Avenir Next Condensed Heavy
NameArray:0,Win,16,Avenir Next Condensed
%EndFont

%BeginFont
Handler:DirectoryHandler
FontType:TrueType
FontName:AvenirNextCondensed-HeavyItalic
FamilyName:Avenir Next Condensed
StyleName:Heavy Italic
MenuName:Avenir Next Condensed Heavy
StyleBits:0
WeightClass:900
WidthClass:3
AngleClass:0
FullName:Avenir Next Condensed Heavy Italic
WritingScript:Roman
OutlineFileName:\Avenir Next Condensed.ttc
TTCOffset:2772
DataFormat:sfntData
hasSVG:no
VariableFontType:NonVariableFont
FileLength:3284564
FileModTime:1510079493
NameArray:0,Mac,18,Avenir Next Condensed Heavy Italic
NameArray:0,Mac,4,Avenir Next Condensed Heavy Italic
NameArray:0,Win,1,Avenir Next Condensed Heavy
NameArray:0,Win,16,Avenir Next Condensed
%EndFont

%BeginFont
Handler:DirectoryHandler
FontType:TrueType
FontName:AvenirNextCondensed-UltraLight
FamilyName:Avenir Next Condensed
StyleName:Ultra Light
MenuName:Avenir Next Condensed Ultra Light
StyleBits:0
WeightClass:275
WidthClass:3
AngleClass:0
FullName:Avenir Next Condensed Ultra Light
WritingScript:Roman
OutlineFileName:\Avenir Next Condensed.ttc
TTCOffset:3072
DataFormat:sfntData
hasSVG:no
VariableFontType:NonVariableFont
FileLength:3284564
FileModTime:1510079493
NameArray:0,Mac,18,Avenir Next Condensed Ultra Light
NameArray:0,Mac,4,Avenir Next Condensed Ultra Light
NameArray:0,Win,1,Avenir Next Condensed Ultra Light
NameArray:0,Win,16,Avenir Next Condensed
%EndFont

%BeginFont
Handler:DirectoryHandler
FontType:TrueType
FontName:AvenirNextCondensed-UltraLightItalic
FamilyName:Avenir Next Condensed
StyleName:Ultra Light Italic
MenuName:Avenir Next Condensed Ultra Light
StyleBits:0
WeightClass:275
WidthClass:3
AngleClass:0
FullName:Avenir Next Condensed Ultra Light Italic
WritingScript:Roman
OutlineFileName:\Avenir Next Condensed.ttc
TTCOffset:3372
DataFormat:sfntData
hasSVG:no
VariableFontType:NonVariableFont
FileLength:3284564
FileModTime:1510079493
NameArray:0,Mac,18,Avenir Next Condensed Ultra Light Italic
NameArray:0,Mac,4,Avenir Next Condensed Ultra Light Italic
NameArray:0,Win,1,Avenir Next Condensed Ultra Light
NameArray:0,Win,16,Avenir Next Condensed
%EndFont

%BeginFont
Handler:DirectoryHandler
FontType:TrueType
FontName:Thonburi
FamilyName:Thonburi
StyleName:Regular
MenuName:Thonburi
StyleBits:0
WeightClass:400
WidthClass:5
AngleClass:0
FullName:Thonburi
WritingScript:Roman
OutlineFileName:\Thonburi.ttc
TTCOffset:36
DataFormat:sfntData
hasSVG:no
VariableFontType:NonVariableFont
FileLength:2421960
FileModTime:1507342935
NameArray:0,Mac,4,Thonburi
%EndFont

%BeginFont
Handler:DirectoryHandler
FontType:TrueType
FontName:Thonburi-Bold
FamilyName:Thonburi
StyleName:Bold
MenuName:Thonburi
StyleBits:2
WeightClass:700
WidthClass:5
AngleClass:0
FullName:Thonburi Bold
WritingScript:Roman
OutlineFileName:\Thonburi.ttc
TTCOffset:352
DataFormat:sfntData
hasSVG:no
VariableFontType:NonVariableFont
FileLength:2421960
FileModTime:1507342935
NameArray:0,Mac,4,Thonburi Bold
NameArray:0,Mac,4,Thonburi Gras
NameArray:0,Mac,4,Thonburi Fett
NameArray:0,Mac,4,Thonburi grassetto
NameArray:0,Mac,4,Thonburi vet
NameArray:0,Mac,4,Thonburi Fet
NameArray:0,Mac,4,Thonburi Negrita
NameArray:0,Mac,4,Thonburi Fed
NameArray:0,Mac,4,Thonburi Carregado
NameArray:0,Mac,4,Thonburi Halvfet
NameArray:0,Mac,4,Thonburi lihava
%EndFont

%BeginFont
Handler:DirectoryHandler
FontType:TrueType
FontName:Thonburi-Light
FamilyName:Thonburi
StyleName:Light
MenuName:Thonburi
StyleBits:0
WeightClass:300
WidthClass:5
AngleClass:0
FullName:Thonburi Light
WritingScript:Roman
OutlineFileName:\Thonburi.ttc
TTCOffset:668
DataFormat:sfntData
hasSVG:no
VariableFontType:NonVariableFont
FileLength:2421960
FileModTime:1507342935
NameArray:0,Mac,4,Thonburi Light
%EndFont

%BeginFont
Handler:DirectoryHandler
FontType:Type1
FontName:MinionPro-Regular
FamilyName:Minion Pro
StyleName:Regular
MenuName:Minion Pro
StyleBits:0
WeightClass:400
WidthClass:5
AngleClass:0
FullName:Minion Pro
WritingScript:Roman
OutlineFileName:\MinionPro-Regular.otf
DataFormat:sfntData
UsesStandardEncoding:yes
isCFF:yes
hasSVG:no
VariableFontType:NonVariableFont
FileLength:218640
FileModTime:1529360135
DesignSize:110
NameArray:0,Mac,4,Minion Pro
NameArray:0,Win,1,Minion Pro
%EndFont

%BeginFont
Handler:DirectoryHandler
FontType:TrueType
FontName:ArialRoundedMTBold
FamilyName:Arial Rounded MT Bold
StyleName:Regular
MenuName:Arial Rounded MT Bold
StyleBits:0
WeightClass:400
WidthClass:5
AngleClass:0
FullName:Arial Rounded MT Bold
WritingScript:Roman
OutlineFileName:\Arial Rounded Bold.ttf
DataFormat:sfntData
hasSVG:no
VariableFontType:NonVariableFont
FileLength:49296
FileModTime:1510079493
NameArray:0,Mac,4,Arial Rounded MT Bold
NameArray:0,Win,1,Arial Rounded MT Bold
%EndFont

%BeginFont
Handler:DirectoryHandler
FontType:Type1
FontName:FrutillaScript-Regular
FamilyName:Frutilla Script
StyleName:Regular
MenuName:Frutilla Script
StyleBits:0
WeightClass:400
WidthClass:5
AngleClass:0
FullName:Frutilla Script Regular
WritingScript:Roman
OutlineFileName:\Frutilla Script.otf
DataFormat:sfntData
UsesStandardEncoding:yes
isCFF:yes
hasSVG:no
VariableFontType:NonVariableFont
FileLength:42480
FileModTime:1484823328
NameArray:0,Mac,18,Frutilla Script Regular
NameArray:0,Mac,4,Frutilla Script Regular
NameArray:0,Win,1,Frutilla Script
%EndFont

